{
  "RSpec": {
    "coverage": {
      "/Users/annaklimas/Projects/Makers/Lab-week---Airport-challenge/spec/airport_spec.rb": [
        1,
        null,
        1,
        null,
        1,
        1,
        1,
        1,
        1,
        1,
        null,
        null,
        1,
        1,
        1,
        1,
        1,
        1,
        1,
        1,
        null,
        null,
        1,
        1,
        1,
        1,
        7,
        1,
        null,
        null,
        null
      ],
      "/Users/annaklimas/Projects/Makers/Lab-week---Airport-challenge/lib/airport.rb": [
        1,
        1,
        null,
        1,
        null,
        1,
        null,
        1,
        null,
        1,
        null,
        1,
        8,
        8,
        null,
        null,
        1,
        19,
        1,
        18,
        17,
        17,
        null,
        1,
        null,
        null,
        null,
        1,
        3,
        1,
        null,
        2,
        2,
        null,
        null,
        null,
        null
      ],
      "/Users/annaklimas/Projects/Makers/Lab-week---Airport-challenge/lib/plane.rb": [
        1,
        null,
        1,
        null,
        1,
        8,
        null,
        null,
        1,
        11,
        null,
        null,
        1,
        2,
        null,
        null,
        null
      ],
      "/Users/annaklimas/Projects/Makers/Lab-week---Airport-challenge/lib/weather.rb": [
        1,
        null,
        1,
        0,
        null,
        null,
        null
      ],
      "/Users/annaklimas/Projects/Makers/Lab-week---Airport-challenge/spec/features/feature_airport_spec.rb": [
        1,
        null,
        1,
        null,
        6,
        6,
        null,
        1,
        1,
        1,
        1,
        null,
        null,
        null,
        1,
        1,
        1,
        1,
        1,
        null,
        null,
        1,
        1,
        7,
        2,
        null,
        null,
        1,
        1,
        2,
        null,
        null,
        null,
        1,
        1,
        1,
        1,
        2,
        null,
        null,
        null
      ],
      "/Users/annaklimas/Projects/Makers/Lab-week---Airport-challenge/spec/plane_spec.rb": [
        1,
        null,
        1,
        null,
        1,
        1,
        1,
        null,
        null,
        1,
        1,
        1,
        null,
        null,
        1,
        1,
        1,
        1,
        null,
        null,
        null,
        null,
        null
      ]
    },
    "timestamp": 1438779060
  }
}
